<?xml version="1.0" encoding="UTF-8"?>
<coverage generated="1759760287889" clover="3.2.0">
  <project timestamp="1759760287889" name="All files">
    <metrics statements="45" coveredstatements="41" conditionals="10" coveredconditionals="6" methods="18" coveredmethods="16" elements="73" coveredelements="63" complexity="0" loc="45" ncloc="45" packages="2" files="6" classes="6"/>
    <package name="src">
      <metrics statements="21" coveredstatements="18" conditionals="2" coveredconditionals="0" methods="9" coveredmethods="7"/>
      <file name="App.jsx" path="C:\Users\Gesus\Desktop\meet\src\App.jsx">
        <metrics statements="14" coveredstatements="11" conditionals="2" coveredconditionals="0" methods="6" coveredmethods="4"/>
        <line num="6" count="1" type="stmt"/>
        <line num="7" count="3" type="stmt"/>
        <line num="8" count="2" type="stmt"/>
        <line num="9" count="2" type="stmt"/>
        <line num="11" count="2" type="stmt"/>
        <line num="12" count="2" type="stmt"/>
        <line num="13" count="2" type="stmt"/>
        <line num="14" count="2" type="stmt"/>
        <line num="15" count="70" type="stmt"/>
        <line num="20" count="2" type="stmt"/>
        <line num="22" count="0" type="cond" truecount="0" falsecount="2"/>
        <line num="24" count="0" type="stmt"/>
        <line num="25" count="0" type="stmt"/>
        <line num="28" count="2" type="stmt"/>
      </file>
      <file name="api.js" path="C:\Users\Gesus\Desktop\meet\src\api.js">
        <metrics statements="6" coveredstatements="6" conditionals="0" coveredconditionals="0" methods="3" coveredmethods="3"/>
        <line num="13" count="3" type="stmt"/>
        <line num="14" count="70" type="stmt"/>
        <line num="15" count="2" type="stmt"/>
        <line num="16" count="2" type="stmt"/>
        <line num="24" count="3" type="stmt"/>
        <line num="25" count="5" type="stmt"/>
      </file>
      <file name="mock-data.js" path="C:\Users\Gesus\Desktop\meet\src\mock-data.js">
        <metrics statements="1" coveredstatements="1" conditionals="0" coveredconditionals="0" methods="0" coveredmethods="0"/>
        <line num="3" count="3" type="stmt"/>
      </file>
    </package>
    <package name="src.components">
      <metrics statements="24" coveredstatements="23" conditionals="8" coveredconditionals="6" methods="9" coveredmethods="9"/>
      <file name="CitySearch.jsx" path="C:\Users\Gesus\Desktop\meet\src\components\CitySearch.jsx">
        <metrics statements="19" coveredstatements="18" conditionals="6" coveredconditionals="4" methods="6" coveredmethods="6"/>
        <line num="3" count="2" type="stmt"/>
        <line num="4" count="25" type="stmt"/>
        <line num="5" count="25" type="stmt"/>
        <line num="6" count="25" type="stmt"/>
        <line num="9" count="25" type="stmt"/>
        <line num="10" count="12" type="stmt"/>
        <line num="11" count="12" type="stmt"/>
        <line num="12" count="12" type="cond" truecount="1" falsecount="1"/>
        <line num="14" count="24" type="stmt"/>
        <line num="17" count="12" type="stmt"/>
        <line num="21" count="25" type="stmt"/>
        <line num="22" count="1" type="stmt"/>
        <line num="23" count="1" type="stmt"/>
        <line num="24" count="1" type="stmt"/>
        <line num="25" count="1" type="cond" truecount="1" falsecount="1"/>
        <line num="26" count="0" type="stmt"/>
        <line num="30" count="25" type="stmt"/>
        <line num="37" count="3" type="stmt"/>
        <line num="43" count="12" type="stmt"/>
      </file>
      <file name="Event.jsx" path="C:\Users\Gesus\Desktop\meet\src\components\Event.jsx">
        <metrics statements="2" coveredstatements="2" conditionals="0" coveredconditionals="0" methods="1" coveredmethods="1"/>
        <line num="4" count="2" type="stmt"/>
        <line num="5" count="35" type="stmt"/>
      </file>
      <file name="EventList.jsx" path="C:\Users\Gesus\Desktop\meet\src\components\EventList.jsx">
        <metrics statements="3" coveredstatements="3" conditionals="2" coveredconditionals="2" methods="2" coveredmethods="2"/>
        <line num="4" count="2" type="stmt"/>
        <line num="5" count="5" type="stmt"/>
        <line num="8" count="35" type="stmt"/>
      </file>
    </package>
  </project>
</coverage>
