{"C:\\Users\\Gesus\\Desktop\\meet\\src\\App.jsx": {"path":"C:\\Users\\Gesus\\Desktop\\meet\\src\\App.jsx","statementMap":{"0":{"start":{"line":6,"column":12},"end":{"line":34,"column":1}},"1":{"start":{"line":7,"column":36},"end":{"line":7,"column":48}},"2":{"start":{"line":8,"column":30},"end":{"line":8,"column":42}},"3":{"start":{"line":9,"column":36},"end":{"line":9,"column":48}},"4":{"start":{"line":11,"column":2},"end":{"line":17,"column":9}},"5":{"start":{"line":12,"column":4},"end":{"line":16,"column":7}},"6":{"start":{"line":13,"column":6},"end":{"line":13,"column":27}},"7":{"start":{"line":14,"column":6},"end":{"line":14,"column":24}},"8":{"start":{"line":15,"column":6},"end":{"line":15,"column":72}},"9":{"start":{"line":15,"column":53},"end":{"line":15,"column":67}},"10":{"start":{"line":20,"column":27},"end":{"line":26,"column":3}},"11":{"start":{"line":22,"column":6},"end":{"line":24,"column":62}},"12":{"start":{"line":24,"column":38},"end":{"line":24,"column":61}},"13":{"start":{"line":25,"column":4},"end":{"line":25,"column":24}},"14":{"start":{"line":28,"column":2},"end":{"line":33,"column":4}}},"fnMap":{"0":{"name":"(anonymous_0)","decl":{"start":{"line":6,"column":12},"end":{"line":6,"column":13}},"loc":{"start":{"line":6,"column":18},"end":{"line":34,"column":1}},"line":6},"1":{"name":"(anonymous_1)","decl":{"start":{"line":11,"column":12},"end":{"line":11,"column":13}},"loc":{"start":{"line":11,"column":18},"end":{"line":17,"column":3}},"line":11},"2":{"name":"(anonymous_2)","decl":{"start":{"line":12,"column":21},"end":{"line":12,"column":22}},"loc":{"start":{"line":12,"column":33},"end":{"line":16,"column":5}},"line":12},"3":{"name":"(anonymous_3)","decl":{"start":{"line":15,"column":42},"end":{"line":15,"column":43}},"loc":{"start":{"line":15,"column":53},"end":{"line":15,"column":67}},"line":15},"4":{"name":"(anonymous_4)","decl":{"start":{"line":20,"column":27},"end":{"line":20,"column":28}},"loc":{"start":{"line":20,"column":37},"end":{"line":26,"column":3}},"line":20},"5":{"name":"(anonymous_5)","decl":{"start":{"line":24,"column":27},"end":{"line":24,"column":28}},"loc":{"start":{"line":24,"column":38},"end":{"line":24,"column":61}},"line":24}},"branchMap":{"0":{"loc":{"start":{"line":22,"column":6},"end":{"line":24,"column":62}},"type":"cond-expr","locations":[{"start":{"line":23,"column":10},"end":{"line":23,"column":19}},{"start":{"line":24,"column":10},"end":{"line":24,"column":62}}],"line":22}},"s":{"0":1,"1":3,"2":2,"3":2,"4":2,"5":2,"6":2,"7":2,"8":2,"9":70,"10":2,"11":0,"12":0,"13":0,"14":2},"f":{"0":3,"1":2,"2":2,"3":70,"4":0,"5":0},"b":{"0":[0,0]},"_coverageSchema":"1a1c01bbd47fc00a2c39e90264f33305004495a9","hash":"8c7a32d6d7de355b99a60fd2b15baba20b1e94ef"}
,"C:\\Users\\Gesus\\Desktop\\meet\\src\\api.js": {"path":"C:\\Users\\Gesus\\Desktop\\meet\\src\\api.js","statementMap":{"0":{"start":{"line":13,"column":32},"end":{"line":17,"column":1}},"1":{"start":{"line":14,"column":29},"end":{"line":14,"column":66}},"2":{"start":{"line":14,"column":51},"end":{"line":14,"column":65}},"3":{"start":{"line":15,"column":20},"end":{"line":15,"column":52}},"4":{"start":{"line":16,"column":2},"end":{"line":16,"column":19}},"5":{"start":{"line":24,"column":25},"end":{"line":26,"column":1}},"6":{"start":{"line":25,"column":2},"end":{"line":25,"column":18}}},"fnMap":{"0":{"name":"(anonymous_0)","decl":{"start":{"line":13,"column":32},"end":{"line":13,"column":33}},"loc":{"start":{"line":13,"column":44},"end":{"line":17,"column":1}},"line":13},"1":{"name":"(anonymous_1)","decl":{"start":{"line":14,"column":40},"end":{"line":14,"column":41}},"loc":{"start":{"line":14,"column":51},"end":{"line":14,"column":65}},"line":14},"2":{"name":"(anonymous_2)","decl":{"start":{"line":24,"column":25},"end":{"line":24,"column":26}},"loc":{"start":{"line":24,"column":37},"end":{"line":26,"column":1}},"line":24}},"branchMap":{},"s":{"0":3,"1":2,"2":70,"3":2,"4":2,"5":3,"6":5},"f":{"0":2,"1":70,"2":5},"b":{},"_coverageSchema":"1a1c01bbd47fc00a2c39e90264f33305004495a9","hash":"481da929478ac159e749608d537910be1edbea0e"}
,"C:\\Users\\Gesus\\Desktop\\meet\\src\\mock-data.js": {"path":"C:\\Users\\Gesus\\Desktop\\meet\\src\\mock-data.js","statementMap":{"0":{"start":{"line":3,"column":17},"end":{"line":1439,"column":1}}},"fnMap":{},"branchMap":{},"s":{"0":3},"f":{},"b":{},"_coverageSchema":"1a1c01bbd47fc00a2c39e90264f33305004495a9","hash":"19f1e61ff58d4227803b6befb1244052324e541f"}
,"C:\\Users\\Gesus\\Desktop\\meet\\src\\components\\CitySearch.jsx": {"path":"C:\\Users\\Gesus\\Desktop\\meet\\src\\components\\CitySearch.jsx","statementMap":{"0":{"start":{"line":3,"column":19},"end":{"line":54,"column":1}},"1":{"start":{"line":4,"column":28},"end":{"line":4,"column":40}},"2":{"start":{"line":5,"column":40},"end":{"line":5,"column":52}},"3":{"start":{"line":6,"column":48},"end":{"line":6,"column":63}},"4":{"start":{"line":9,"column":29},"end":{"line":18,"column":3}},"5":{"start":{"line":10,"column":18},"end":{"line":10,"column":36}},"6":{"start":{"line":11,"column":4},"end":{"line":11,"column":20}},"7":{"start":{"line":12,"column":32},"end":{"line":16,"column":10}},"8":{"start":{"line":14,"column":10},"end":{"line":14,"column":74}},"9":{"start":{"line":17,"column":4},"end":{"line":17,"column":40}},"10":{"start":{"line":21,"column":28},"end":{"line":28,"column":3}},"11":{"start":{"line":22,"column":18},"end":{"line":22,"column":42}},"12":{"start":{"line":23,"column":4},"end":{"line":23,"column":20}},"13":{"start":{"line":24,"column":4},"end":{"line":24,"column":30}},"14":{"start":{"line":25,"column":4},"end":{"line":27,"column":5}},"15":{"start":{"line":26,"column":6},"end":{"line":26,"column":26}},"16":{"start":{"line":30,"column":2},"end":{"line":53,"column":4}},"17":{"start":{"line":37,"column":23},"end":{"line":37,"column":47}},"18":{"start":{"line":43,"column":12},"end":{"line":45,"column":17}}},"fnMap":{"0":{"name":"(anonymous_0)","decl":{"start":{"line":3,"column":19},"end":{"line":3,"column":20}},"loc":{"start":{"line":3,"column":55},"end":{"line":54,"column":1}},"line":3},"1":{"name":"(anonymous_1)","decl":{"start":{"line":9,"column":29},"end":{"line":9,"column":30}},"loc":{"start":{"line":9,"column":40},"end":{"line":18,"column":3}},"line":9},"2":{"name":"(anonymous_2)","decl":{"start":{"line":13,"column":28},"end":{"line":13,"column":29}},"loc":{"start":{"line":13,"column":42},"end":{"line":15,"column":9}},"line":13},"3":{"name":"(anonymous_3)","decl":{"start":{"line":21,"column":28},"end":{"line":21,"column":29}},"loc":{"start":{"line":21,"column":39},"end":{"line":28,"column":3}},"line":21},"4":{"name":"(anonymous_4)","decl":{"start":{"line":37,"column":17},"end":{"line":37,"column":18}},"loc":{"start":{"line":37,"column":23},"end":{"line":37,"column":47}},"line":37},"5":{"name":"(anonymous_5)","decl":{"start":{"line":42,"column":27},"end":{"line":42,"column":28}},"loc":{"start":{"line":43,"column":12},"end":{"line":45,"column":17}},"line":43}},"branchMap":{"0":{"loc":{"start":{"line":12,"column":32},"end":{"line":16,"column":10}},"type":"cond-expr","locations":[{"start":{"line":13,"column":8},"end":{"line":15,"column":10}},{"start":{"line":16,"column":8},"end":{"line":16,"column":10}}],"line":12},"1":{"loc":{"start":{"line":25,"column":4},"end":{"line":27,"column":5}},"type":"if","locations":[{"start":{"line":25,"column":4},"end":{"line":27,"column":5}},{"start":{},"end":{}}],"line":25},"2":{"loc":{"start":{"line":40,"column":7},"end":{"line":51,"column":14}},"type":"cond-expr","locations":[{"start":{"line":41,"column":8},"end":{"line":50,"column":13}},{"start":{"line":51,"column":10},"end":{"line":51,"column":14}}],"line":40}},"s":{"0":2,"1":25,"2":25,"3":25,"4":25,"5":12,"6":12,"7":12,"8":24,"9":12,"10":25,"11":1,"12":1,"13":1,"14":1,"15":0,"16":25,"17":3,"18":12},"f":{"0":25,"1":12,"2":24,"3":1,"4":3,"5":12},"b":{"0":[12,0],"1":[0,1],"2":[15,10]},"_coverageSchema":"1a1c01bbd47fc00a2c39e90264f33305004495a9","hash":"fcd267e2b9f78ead069d8e0593babf233a0c4a2c"}
,"C:\\Users\\Gesus\\Desktop\\meet\\src\\components\\Event.jsx": {"path":"C:\\Users\\Gesus\\Desktop\\meet\\src\\components\\Event.jsx","statementMap":{"0":{"start":{"line":4,"column":14},"end":{"line":8,"column":1}},"1":{"start":{"line":5,"column":2},"end":{"line":7,"column":4}}},"fnMap":{"0":{"name":"(anonymous_0)","decl":{"start":{"line":4,"column":14},"end":{"line":4,"column":15}},"loc":{"start":{"line":4,"column":20},"end":{"line":8,"column":1}},"line":4}},"branchMap":{},"s":{"0":2,"1":35},"f":{"0":35},"b":{},"_coverageSchema":"1a1c01bbd47fc00a2c39e90264f33305004495a9","hash":"a3fe727d8791d2f1010854f9624bb728749a4008"}
,"C:\\Users\\Gesus\\Desktop\\meet\\src\\components\\EventList.jsx": {"path":"C:\\Users\\Gesus\\Desktop\\meet\\src\\components\\EventList.jsx","statementMap":{"0":{"start":{"line":4,"column":18},"end":{"line":12,"column":1}},"1":{"start":{"line":5,"column":2},"end":{"line":11,"column":4}},"2":{"start":{"line":8,"column":32},"end":{"line":8,"column":70}}},"fnMap":{"0":{"name":"(anonymous_0)","decl":{"start":{"line":4,"column":18},"end":{"line":4,"column":19}},"loc":{"start":{"line":4,"column":34},"end":{"line":12,"column":1}},"line":4},"1":{"name":"(anonymous_1)","decl":{"start":{"line":8,"column":21},"end":{"line":8,"column":22}},"loc":{"start":{"line":8,"column":32},"end":{"line":8,"column":70}},"line":8}},"branchMap":{"0":{"loc":{"start":{"line":7,"column":7},"end":{"line":9,"column":14}},"type":"cond-expr","locations":[{"start":{"line":8,"column":10},"end":{"line":8,"column":71}},{"start":{"line":9,"column":10},"end":{"line":9,"column":14}}],"line":7}},"s":{"0":2,"1":5,"2":35},"f":{"0":5,"1":35},"b":{"0":[3,2]},"_coverageSchema":"1a1c01bbd47fc00a2c39e90264f33305004495a9","hash":"0c5c7d579ffc7cceefe8d9c36bf57387bc2b25bd"}
}
