TN:
SF:src\App.jsx
FN:6,(anonymous_0)
FN:10,(anonymous_1)
FN:14,(anonymous_2)
FNF:3
FNH:1
FNDA:3,(anonymous_0)
FNDA:0,(anonymous_1)
FNDA:0,(anonymous_2)
DA:6,1
DA:7,3
DA:8,3
DA:10,3
DA:11,0
DA:14,3
DA:15,0
DA:18,3
LF:8
LH:6
BRDA:6,0,0,0
BRDA:6,1,0,3
BRF:2
BRH:1
end_of_record
TN:
SF:src\api.js
FN:13,(anonymous_0)
FN:14,(anonymous_1)
FN:24,(anonymous_2)
FNF:3
FNH:3
FNDA:2,(anonymous_0)
FNDA:70,(anonymous_1)
FNDA:2,(anonymous_2)
DA:13,1
DA:14,70
DA:15,2
DA:16,2
DA:24,1
DA:25,2
LF:6
LH:6
BRF:0
BRH:0
end_of_record
TN:
SF:src\mock-data.js
FNF:0
FNH:0
DA:3,1
LF:1
LH:1
BRF:0
BRH:0
end_of_record
TN:
SF:src\components\CitySearch.jsx
FN:3,(anonymous_0)
FN:9,(anonymous_1)
FN:13,(anonymous_2)
FN:21,(anonymous_3)
FN:37,(anonymous_4)
FN:42,(anonymous_5)
FNF:6
FNH:6
FNDA:26,(anonymous_0)
FNDA:12,(anonymous_1)
FNDA:24,(anonymous_2)
FNDA:1,(anonymous_3)
FNDA:3,(anonymous_4)
FNDA:12,(anonymous_5)
DA:3,2
DA:4,26
DA:5,26
DA:6,26
DA:9,26
DA:10,12
DA:11,12
DA:12,12
DA:14,24
DA:17,12
DA:21,26
DA:22,1
DA:23,1
DA:24,1
DA:25,1
DA:26,0
DA:30,26
DA:37,3
DA:43,12
LF:19
LH:18
BRDA:12,0,0,12
BRDA:12,0,1,0
BRDA:25,1,0,0
BRDA:25,1,1,1
BRDA:40,2,0,15
BRDA:40,2,1,11
BRF:6
BRH:4
end_of_record
TN:
SF:src\components\Event.jsx
FN:3,(anonymous_0)
FN:6,(anonymous_1)
FN:6,(anonymous_2)
FNF:3
FNH:3
FNDA:16,(anonymous_0)
FNDA:3,(anonymous_1)
FNDA:3,(anonymous_2)
DA:3,3
DA:4,16
DA:6,16
DA:8,16
LF:4
LH:4
BRDA:14,0,0,16
BRDA:14,0,1,2
BRDA:21,1,0,2
BRDA:21,1,1,14
BRF:4
BRH:4
end_of_record
TN:
SF:src\components\EventList.jsx
FN:4,(anonymous_0)
FN:7,(anonymous_1)
FNF:2
FNH:2
FNDA:6,(anonymous_0)
FNDA:12,(anonymous_1)
DA:4,2
DA:5,6
DA:8,12
LF:3
LH:3
BRF:0
BRH:0
end_of_record
TN:
SF:src\components\NumberOfEvents.jsx
FN:3,(anonymous_0)
FN:6,(anonymous_1)
FNF:2
FNH:2
FNDA:7,(anonymous_0)
FNDA:1,(anonymous_1)
DA:3,2
DA:4,7
DA:6,7
DA:7,1
DA:8,1
DA:9,1
DA:12,7
LF:7
LH:7
BRDA:3,0,0,4
BRDA:9,1,0,0
BRDA:9,1,1,1
BRF:3
BRH:2
end_of_record
